<?xml version="1.0" encoding="UTF-8"?>
<testng-results ignored="0" total="1" passed="1" failed="0" skipped="0">
  <reporter-output>
  </reporter-output>
  <suite started-at="2025-01-20T05:18:51 MSK" name="Command line suite" finished-at="2025-01-20T05:18:56 MSK" duration-ms="5004">
    <groups>
    </groups>
    <test started-at="2025-01-20T05:18:51 MSK" name="Command line test" finished-at="2025-01-20T05:18:56 MSK" duration-ms="5004">
      <class name="DemoqaTest">
        <test-method signature="test()[pri:0, instance:DemoqaTest@1d548a08]" started-at="2025-01-20T05:18:51 MSK" name="test" finished-at="2025-01-20T05:18:56 MSK" duration-ms="4974" status="PASS">
          <reporter-output>
          </reporter-output>
        </test-method> <!-- test -->
      </class> <!-- DemoqaTest -->
      <class name="base.BaseTest">
        <test-method is-config="true" signature="setUp()[pri:0, instance:base.BaseTest@2b546384]" started-at="2025-01-20T05:18:51 MSK" name="setUp" finished-at="2025-01-20T05:18:51 MSK" duration-ms="271" status="PASS">
          <reporter-output>
          </reporter-output>
        </test-method> <!-- setUp -->
      </class> <!-- base.BaseTest -->
    </test> <!-- Command line test -->
  </suite> <!-- Command line suite -->
</testng-results>
